<?xml version="1.0" encoding="UTF-8"?>
<!-- Generated by org.testng.reporters.JUnitReportReporter -->
<testsuite hostname="DESKTOP-7OT2PS6" failures="0" tests="6" name="api.test.DDTest" time="10.135" errors="0" timestamp="2023-07-19T15:38:01 IST" skipped="0">
  <testcase classname="api.test.DDTest" name="testPostuser" time="1.682"/>
  <system-out/>
  <testcase classname="api.test.DDTest" name="testPostuser" time="1.565"/>
  <system-out/>
  <testcase classname="api.test.DDTest" name="testPostuser" time="1.733"/>
  <system-out/>
  <testcase classname="api.test.DDTest" name="DeleteAllUsers" time="1.663"/>
  <system-out/>
  <testcase classname="api.test.DDTest" name="DeleteAllUsers" time="1.675"/>
  <system-out/>
  <testcase classname="api.test.DDTest" name="DeleteAllUsers" time="1.817"/>
  <system-out/>
</testsuite> <!-- api.test.DDTest -->
