<?xml version="1.0" encoding="UTF-8"?>
<!-- Generated by org.testng.reporters.JUnitReportReporter -->
<testsuite hostname="DESKTOP-7OT2PS6" failures="0" tests="4" name="api.test.UserTests" time="8.209" errors="0" timestamp="2023-07-19T17:10:37 IST" skipped="0">
  <testcase classname="api.test.UserTests" name="postUser_TC" time="1.626"/>
  <system-out/>
  <testcase classname="api.test.UserTests" name="readUserbyName" time="1.773"/>
  <system-out/>
  <testcase classname="api.test.UserTests" name="UpdateDeatisOfUser" time="3.132"/>
  <system-out/>
  <testcase classname="api.test.UserTests" name="DelterUserByNmae" time="1.678"/>
  <system-out/>
</testsuite> <!-- api.test.UserTests -->
