<?xml version="1.0" encoding="UTF-8"?>
<!-- Generated by org.testng.reporters.JUnitReportReporter -->
<testsuite hostname="DESKTOP-7OT2PS6" failures="0" tests="6" name="api.test.DDTest" time="16.309" errors="0" timestamp="2023-07-20T17:33:59 IST" skipped="0">
  <testcase classname="api.test.DDTest" name="testPostuser" time="2.141"/>
  <system-out/>
  <testcase classname="api.test.DDTest" name="testPostuser" time="7.112"/>
  <system-out/>
  <testcase classname="api.test.DDTest" name="testPostuser" time="1.573"/>
  <system-out/>
  <testcase classname="api.test.DDTest" name="DeleteAllUsers" time="1.516"/>
  <system-out/>
  <testcase classname="api.test.DDTest" name="DeleteAllUsers" time="2.227"/>
  <system-out/>
  <testcase classname="api.test.DDTest" name="DeleteAllUsers" time="1.740"/>
  <system-out/>
</testsuite> <!-- api.test.DDTest -->
